<?xml version="1.0" encoding="UTF-8"?>
<!-- Generated by org.testng.reporters.JUnitReportReporter -->
<testsuite skipped="0" hostname="DESKTOP-KP9A07E" name="LoginTestCase.WrongUserName" tests="1" failures="0" timestamp="25 Sep 2019 16:13:15 GMT" time="10.379" errors="0">
  <testcase name="incorrectusername" time="10.379" classname="LoginTestCase.WrongUserName"/>
</testsuite> <!-- LoginTestCase.WrongUserName -->
