<?xml version="1.0" encoding="UTF-8"?>
<!-- Generated by org.testng.reporters.JUnitReportReporter -->
<testsuite skipped="0" hostname="DESKTOP-KP9A07E" name="LoginTestCase.BothCorrect" tests="5" failures="0" timestamp="25 Sep 2019 15:41:13 GMT" time="17.492" errors="0">
  <testcase name="bothcorrect" time="3.373" classname="LoginTestCase.BothCorrect"/>
  <testcase name="bothcorrect" time="1.979" classname="LoginTestCase.BothCorrect"/>
  <testcase name="bothcorrect" time="9.915" classname="LoginTestCase.BothCorrect"/>
  <testcase name="bothcorrect" time="1.945" classname="LoginTestCase.BothCorrect"/>
  <testcase name="close" time="0.280" classname="LoginTestCase.BothCorrect"/>
</testsuite> <!-- LoginTestCase.BothCorrect -->
